{
  "RSpec": {
    "coverage": {
      "/Users/patrickduvall/turing/1module/projects/enigma/lib/enigma.rb": [
        1,
        null,
        null,
        1,
        null,
        null,
        null,
        null
      ],
      "/Users/patrickduvall/turing/1module/projects/enigma/lib/caeser_cipher.rb": [
        1,
        1,
        1,
        4,
        4,
        4,
        4,
        null,
        null,
        1,
        null,
        26,
        2,
        2,
        null,
        null,
        null
      ],
      "/Users/patrickduvall/turing/1module/projects/enigma/spec/enigma_spec.rb": [
        null,
        1,
        null,
        1,
        null,
        null,
        1,
        1,
        1,
        null,
        null,
        null
      ]
    },
    "timestamp": 1555000267
  }
}
