{
  "RSpec": {
    "coverage": {
      "/Users/patrickduvall/turing/1module/projects/enigma/lib/enigma.rb": [
        1,
        null,
        null,
        1,
        null,
        null,
        null,
        null
      ],
      "/Users/patrickduvall/turing/1module/projects/enigma/lib/caeser_cipher.rb": [
        1,
        1,
        1,
        5,
        5,
        5,
        5,
        null,
        null,
        1,
        50,
        3,
        3,
        null,
        null,
        null
      ],
      "/Users/patrickduvall/turing/1module/projects/enigma/spec/enigma_spec.rb": [
        null,
        1,
        null,
        1,
        null,
        null,
        1,
        1,
        1,
        null,
        null,
        null
      ]
    },
    "timestamp": 1555000549
  }
}
